<?xml version="1.0" encoding="UTF-8"?>
<!-- Generated by org.testng.reporters.JUnitReportReporter -->
<testsuite hostname="MIGHTYSURYA11" failures="0" tests="1" name="Runner.Main" time="2.951" errors="0" timestamp="2024-08-21T15:16:58 IST" skipped="0">
  <testcase classname="Runner.Main" name="Test" time="2.951"/>
  <system-out/>
</testsuite> <!-- Runner.Main -->
